<?xml version="1.0" encoding="UTF-8"?>
<testsuite name="com.park.ParkingSlotTest" tests="1" skipped="0" failures="0" errors="0" timestamp="2020-06-17T14:00:22" hostname="KYOOLBABA" time="0.028">
  <properties/>
  <testcase name="givenVehicleDetails_whenAdded_shouldReturnLotForShuffle" classname="com.park.ParkingSlotTest" time="0.028"/>
  <system-out><![CDATA[1
2
]]></system-out>
  <system-err><![CDATA[]]></system-err>
</testsuite>
