<?xml version="1.0" encoding="UTF-8"?>
<testsuite name="com.park.ParkingLotServiceTest" tests="7" skipped="0" failures="0" errors="0" timestamp="2020-06-10T09:57:49" hostname="KYOOLBABA" time="0.022">
  <properties/>
  <testcase name="givenVehicleAsEmpty_whenUnParked_shouldThrowException" classname="com.park.ParkingLotServiceTest" time="0.005"/>
  <testcase name="givenVehicle_whenUnParked_shouldReturnTrue" classname="com.park.ParkingLotServiceTest" time="0.001"/>
  <testcase name="givenPersonVehicleAsNull_whenParked_shouldReturnTrue" classname="com.park.ParkingLotServiceTest" time="0.001"/>
  <testcase name="givenSameVehicleTwice_whenParked_shouldReturnTrue" classname="com.park.ParkingLotServiceTest" time="0.001"/>
  <testcase name="givenVehicleAsNull_whenUnParked_shouldThrowException" classname="com.park.ParkingLotServiceTest" time="0.0"/>
  <testcase name="givenVehicleNotPresent_whenUnParked_shouldThrowException" classname="com.park.ParkingLotServiceTest" time="0.001"/>
  <testcase name="givenPersonVehicle_whenParked_shouldReturnTrue" classname="com.park.ParkingLotServiceTest" time="0.003"/>
  <system-out><![CDATA[]]></system-out>
  <system-err><![CDATA[]]></system-err>
</testsuite>
