<?xml version="1.0" encoding="UTF-8"?>
<testsuite name="com.park.ParkingSlotTest" tests="8" skipped="0" failures="0" errors="0" timestamp="2020-06-16T13:09:01" hostname="KYOOLBABA" time="1.016">
  <properties/>
  <testcase name="givenVehiclesDetailsNull_whenUnparked_shouldThrowException" classname="com.park.ParkingSlotTest" time="0.931"/>
  <testcase name="givenVehicle_whenParkedTheVehicle_ShouldAddTheVehicleIntheSlot" classname="com.park.ParkingSlotTest" time="0.059"/>
  <testcase name="givenVehicleDetails_whenUnparked_shouldReturnVehiclesDetails" classname="com.park.ParkingSlotTest" time="0.005"/>
  <testcase name="givenVehicleObjectNull_whenAdded_shouldThrowException" classname="com.park.ParkingSlotTest" time="0.001"/>
  <testcase name="givenVehicleNumberEmpty_whenAdded_shouldThrowException" classname="com.park.ParkingSlotTest" time="0.002"/>
  <testcase name="givenVehicleNumberNull_whenAdded_shouldThrowException" classname="com.park.ParkingSlotTest" time="0.001"/>
  <testcase name="givenVehiclesDetailsEmpty_whenUnparked_shouldThrowException" classname="com.park.ParkingSlotTest" time="0.003"/>
  <testcase name="givenVehiclesObjectAsNull_whenUnparked_shouldThrowException" classname="com.park.ParkingSlotTest" time="0.002"/>
  <system-out><![CDATA[]]></system-out>
  <system-err><![CDATA[]]></system-err>
</testsuite>
