<?xml version="1.0" encoding="UTF-8"?>
<testsuite name="com.park.ParkingLotServiceTest" tests="14" skipped="0" failures="0" errors="0" timestamp="2020-06-11T16:01:07" hostname="KYOOLBABA" time="0.02">
  <properties/>
  <testcase name="givenOneVehicle_whenParked_shouldReturnCharges" classname="com.park.ParkingLotServiceTest" time="0.007"/>
  <testcase name="givenTwoVehicle_whenRemovedFirstVehicleAndAddingAnotherVehicle_shouldReturnLastLotNumber" classname="com.park.ParkingLotServiceTest" time="0.0"/>
  <testcase name="givenVehicle_whenUnParked_shouldReturnItsLotNumber" classname="com.park.ParkingLotServiceTest" time="0.0"/>
  <testcase name="givenVehicleAsEmpty_whenUnParked_shouldThrowException" classname="com.park.ParkingLotServiceTest" time="0.004"/>
  <testcase name="givenVehicle_whenParkingLotNotFull_shouldReturnOccupiedLotsPositiveTesting" classname="com.park.ParkingLotServiceTest" time="0.001"/>
  <testcase name="givenVehicle_whenParkingLotFull_shouldReturnAvailabilityAsFalse" classname="com.park.ParkingLotServiceTest" time="0.003"/>
  <testcase name="givenVehicle_whenParkingLotNotFull_shouldReturnOccupiedLotsNegativeTesting" classname="com.park.ParkingLotServiceTest" time="0.0"/>
  <testcase name="givenVehicle_whenParkingLotFull_shouldReturnAvailabilityAsTrue" classname="com.park.ParkingLotServiceTest" time="0.0"/>
  <testcase name="givenPersonVehicleAsNull_whenParked_shouldReturnTrue" classname="com.park.ParkingLotServiceTest" time="0.0"/>
  <testcase name="givenSameVehicleTwice_whenParked_shouldReturnTrue" classname="com.park.ParkingLotServiceTest" time="0.001"/>
  <testcase name="givenVehicleAsNull_whenUnParked_shouldThrowException" classname="com.park.ParkingLotServiceTest" time="0.0"/>
  <testcase name="givenVehicleNotPresent_whenUnParked_shouldThrowException" classname="com.park.ParkingLotServiceTest" time="0.0"/>
  <testcase name="givenTwoVehicle_whenParked_shouldReturnTrue" classname="com.park.ParkingLotServiceTest" time="0.0"/>
  <testcase name="givenVehicle_whenParkingLotIsFullParkingAnotherVehicle_shouldThrowParkingFullException" classname="com.park.ParkingLotServiceTest" time="0.0"/>
  <system-out><![CDATA[]]></system-out>
  <system-err><![CDATA[]]></system-err>
</testsuite>
