<?xml version="1.0" encoding="UTF-8"?>
<testsuite name="com.park.ParkingSlotServiceTest" tests="1" skipped="0" failures="0" errors="0" timestamp="2020-06-16T14:44:35" hostname="KYOOLBABA" time="0.045">
  <properties/>
  <testcase name="givenVehicleWithName_whenQueried_shouldReturnCarParkedInLast30mins" classname="com.park.ParkingSlotServiceTest" time="0.045"/>
  <system-out><![CDATA[]]></system-out>
  <system-err><![CDATA[]]></system-err>
</testsuite>
