<?xml version="1.0" encoding="UTF-8"?>
<testsuite name="com.park.ParkingSpotTest" tests="4" skipped="0" failures="0" errors="0" timestamp="2020-06-16T14:13:19" hostname="KYOOLBABA" time="0.266">
  <properties/>
  <testcase name="given1VehicleDetails_whenParked_shouldReturnLastSlotNumber" classname="com.park.ParkingSpotTest" time="0.261"/>
  <testcase name="given2VehicleDetailsOfHandiCappedDriver_whenParked_shouldReturnLastSlotNumber" classname="com.park.ParkingSpotTest" time="0.001"/>
  <testcase name="given2VehicleDetails_whenParked_shouldReturnLastSlotNumber" classname="com.park.ParkingSpotTest" time="0.0"/>
  <testcase name="givenVehicleDetailsOfHandiCappedDriver_whenParked_shouldReturnFirstLotNumber" classname="com.park.ParkingSpotTest" time="0.001"/>
  <system-out><![CDATA[]]></system-out>
  <system-err><![CDATA[]]></system-err>
</testsuite>
