<?xml version="1.0" encoding="UTF-8"?>
<testsuite name="com.park.ParkingRepositoryTest" tests="11" skipped="0" failures="0" errors="0" timestamp="2020-06-15T19:10:25" hostname="KYOOLBABA" time="0.035">
  <properties/>
  <testcase name="givenListOfParkingLots_whenParking_ShouldReturnLotTest2NegativeTesting" classname="com.park.ParkingRepositoryTest" time="0.011"/>
  <testcase name="givenListOfParkingLots_whenParking_ShouldReturnLotTest1PositiveTesting" classname="com.park.ParkingRepositoryTest" time="0.0"/>
  <testcase name="givenListOfParkingLots_whenSearched_ShouldReturnLotAndSlotOfVehiclePositiveTesting" classname="com.park.ParkingRepositoryTest" time="0.0"/>
  <testcase name="givenListOfParkingLots_whenParking_ShouldReturnLotTest1NegativeTesting" classname="com.park.ParkingRepositoryTest" time="0.002"/>
  <testcase name="givenListOfParkingLots_whenSearched_ShouldReturnLotAndSlotOfVehicleNegativeTesting" classname="com.park.ParkingRepositoryTest" time="0.0"/>
  <testcase name="givenListOfParkingLots_whenParkedSameCarTwice_ShouldReturnTruePositiveTesting" classname="com.park.ParkingRepositoryTest" time="0.0"/>
  <testcase name="givenListOfParkingLots_whenSearched_ShouldReturnVehiclesPresent" classname="com.park.ParkingRepositoryTest" time="0.009"/>
  <testcase name="givenListOfParkingLots_whenParkedSameCarTwice_ShouldReturnTrueNegativeTesting" classname="com.park.ParkingRepositoryTest" time="0.0"/>
  <testcase name="givenListOfParkingLots_whenParkingIsFull_ShouldReturnTruePositiveTesting" classname="com.park.ParkingRepositoryTest" time="0.0"/>
  <testcase name="givenListOfParkingLots_whenParkingIsFull_ShouldReturnTrueNegativeTesting" classname="com.park.ParkingRepositoryTest" time="0.001"/>
  <testcase name="givenListOfParkingLots_whenParking_ShouldReturnLotTest2PositiveTesting" classname="com.park.ParkingRepositoryTest" time="0.001"/>
  <system-out><![CDATA[]]></system-out>
  <system-err><![CDATA[]]></system-err>
</testsuite>
