<?xml version="1.0" encoding="UTF-8"?>
<testsuite name="com.park.ParkingSlotTest" tests="1" skipped="0" failures="1" errors="0" timestamp="2020-06-18T10:44:04" hostname="KYOOLBABA" time="0.084">
  <properties/>
  <testcase name="givenVehicleDetails_whenAddedLargeVehicles_shouldReturnLotForShuffle" classname="com.park.ParkingSlotTest" time="0.084">
    <failure message="java.lang.StackOverflowError" type="java.lang.StackOverflowError">java.lang.StackOverflowError
	at java.util.stream.ReduceOps$3.getOpFlags(ReduceOps.java:185)
	at java.util.stream.AbstractPipeline.evaluate(AbstractPipeline.java:234)
	at java.util.stream.ReferencePipeline.collect(ReferencePipeline.java:499)
	at com.park.ParkingSlot.getVehicleDetails(ParkingSlot.java:154)
	at com.park.ParkingSlot.getDetails(ParkingSlot.java:160)
	at com.park.ParkingSlot.shuffle(ParkingSlot.java:89)
	at com.park.ParkingSlot.shuffle(ParkingSlot.java:119)
	at com.park.ParkingSlot.shuffle(ParkingSlot.java:119)
	at com.park.ParkingSlot.shuffle(ParkingSlot.java:119)
	at com.park.ParkingSlot.shuffle(ParkingSlot.java:119)
	at com.park.ParkingSlot.shuffle(ParkingSlot.java:119)
	at com.park.ParkingSlot.shuffle(ParkingSlot.java:119)
	at com.park.ParkingSlot.shuffle(ParkingSlot.java:119)
	at com.park.ParkingSlot.shuffle(ParkingSlot.java:119)
	at com.park.ParkingSlot.shuffle(ParkingSlot.java:119)
	at com.park.ParkingSlot.shuffle(ParkingSlot.java:119)
	at com.park.ParkingSlot.shuffle(ParkingSlot.java:119)
	at com.park.ParkingSlot.shuffle(ParkingSlot.java:119)
	at com.park.ParkingSlot.shuffle(ParkingSlot.java:119)
	at com.park.ParkingSlot.shuffle(ParkingSlot.java:119)
	at com.park.ParkingSlot.shuffle(ParkingSlot.java:119)
	at com.park.ParkingSlot.shuffle(ParkingSlot.java:119)
	at com.park.ParkingSlot.shuffle(ParkingSlot.java:119)
	at com.park.ParkingSlot.shuffle(ParkingSlot.java:119)
	at com.park.ParkingSlot.shuffle(ParkingSlot.java:119)
	at com.park.ParkingSlot.shuffle(ParkingSlot.java:119)
	at com.park.ParkingSlot.shuffle(ParkingSlot.java:119)
	at com.park.ParkingSlot.shuffle(ParkingSlot.java:119)
	at com.park.ParkingSlot.shuffle(ParkingSlot.java:119)
	at com.park.ParkingSlot.shuffle(ParkingSlot.java:119)
	at com.park.ParkingSlot.shuffle(ParkingSlot.java:119)
	at com.park.ParkingSlot.shuffle(ParkingSlot.java:119)
	at com.park.ParkingSlot.shuffle(ParkingSlot.java:119)
	at com.park.ParkingSlot.shuffle(ParkingSlot.java:119)
	at com.park.ParkingSlot.shuffle(ParkingSlot.java:119)
	at com.park.ParkingSlot.shuffle(ParkingSlot.java:119)
	at com.park.ParkingSlot.shuffle(ParkingSlot.java:119)
	at com.park.ParkingSlot.shuffle(ParkingSlot.java:119)
	at com.park.ParkingSlot.shuffle(ParkingSlot.java:119)
	at com.park.ParkingSlot.shuffle(ParkingSlot.java:119)
	at com.park.ParkingSlot.shuffle(ParkingSlot.java:119)
	at com.park.ParkingSlot.shuffle(ParkingSlot.java:119)
	at com.park.ParkingSlot.shuffle(ParkingSlot.java:119)
	at com.park.ParkingSlot.shuffle(ParkingSlot.java:119)
	at com.park.ParkingSlot.shuffle(ParkingSlot.java:119)
	at com.park.ParkingSlot.shuffle(ParkingSlot.java:119)
	at com.park.ParkingSlot.shuffle(ParkingSlot.java:119)
	at com.park.ParkingSlot.shuffle(ParkingSlot.java:119)
	at com.park.ParkingSlot.shuffle(ParkingSlot.java:119)
	at com.park.ParkingSlot.shuffle(ParkingSlot.java:119)
	at com.park.ParkingSlot.shuffle(ParkingSlot.java:119)
	at com.park.ParkingSlot.shuffle(ParkingSlot.java:119)
	at com.park.ParkingSlot.shuffle(ParkingSlot.java:119)
	at com.park.ParkingSlot.shuffle(ParkingSlot.java:119)
	at com.park.ParkingSlot.shuffle(ParkingSlot.java:119)
	at com.park.ParkingSlot.shuffle(ParkingSlot.java:119)
	at com.park.ParkingSlot.shuffle(ParkingSlot.java:119)
	at com.park.ParkingSlot.shuffle(ParkingSlot.java:119)
	at com.park.ParkingSlot.shuffle(ParkingSlot.java:119)
	at com.park.ParkingSlot.shuffle(ParkingSlot.java:119)
	at com.park.ParkingSlot.shuffle(ParkingSlot.java:119)
	at com.park.ParkingSlot.shuffle(ParkingSlot.java:119)
	at com.park.ParkingSlot.shuffle(ParkingSlot.java:119)
	at com.park.ParkingSlot.shuffle(ParkingSlot.java:119)
	at com.park.ParkingSlot.shuffle(ParkingSlot.java:119)
	at com.park.ParkingSlot.shuffle(ParkingSlot.java:119)
	at com.park.ParkingSlot.shuffle(ParkingSlot.java:119)
	at com.park.ParkingSlot.shuffle(ParkingSlot.java:119)
	at com.park.ParkingSlot.shuffle(ParkingSlot.java:119)
	at com.park.ParkingSlot.shuffle(ParkingSlot.java:119)
	at com.park.ParkingSlot.shuffle(ParkingSlot.java:119)
	at com.park.ParkingSlot.shuffle(ParkingSlot.java:119)
	at com.park.ParkingSlot.shuffle(ParkingSlot.java:119)
	at com.park.ParkingSlot.shuffle(ParkingSlot.java:119)
	at com.park.ParkingSlot.shuffle(ParkingSlot.java:119)
	at com.park.ParkingSlot.shuffle(ParkingSlot.java:119)
	at com.park.ParkingSlot.shuffle(ParkingSlot.java:119)
	at com.park.ParkingSlot.shuffle(ParkingSlot.java:119)
	at com.park.ParkingSlot.shuffle(ParkingSlot.java:119)
	at com.park.ParkingSlot.shuffle(ParkingSlot.java:119)
	at com.park.ParkingSlot.shuffle(ParkingSlot.java:119)
	at com.park.ParkingSlot.shuffle(ParkingSlot.java:119)
	at com.park.ParkingSlot.shuffle(ParkingSlot.java:119)
	at com.park.ParkingSlot.shuffle(ParkingSlot.java:119)
	at com.park.ParkingSlot.shuffle(ParkingSlot.java:119)
	at com.park.ParkingSlot.shuffle(ParkingSlot.java:119)
	at com.park.ParkingSlot.shuffle(ParkingSlot.java:119)
	at com.park.ParkingSlot.shuffle(ParkingSlot.java:119)
	at com.park.ParkingSlot.shuffle(ParkingSlot.java:119)
	at com.park.ParkingSlot.shuffle(ParkingSlot.java:119)
	at com.park.ParkingSlot.shuffle(ParkingSlot.java:119)
	at com.park.ParkingSlot.shuffle(ParkingSlot.java:119)
	at com.park.ParkingSlot.shuffle(ParkingSlot.java:119)
	at com.park.ParkingSlot.shuffle(ParkingSlot.java:119)
	at com.park.ParkingSlot.shuffle(ParkingSlot.java:119)
	at com.park.ParkingSlot.shuffle(ParkingSlot.java:119)
	at com.park.ParkingSlot.shuffle(ParkingSlot.java:119)
	at com.park.ParkingSlot.shuffle(ParkingSlot.java:119)
	at com.park.ParkingSlot.shuffle(ParkingSlot.java:119)
	at com.park.ParkingSlot.shuffle(ParkingSlot.java:119)
	at com.park.ParkingSlot.shuffle(ParkingSlot.java:119)
	at com.park.ParkingSlot.shuffle(ParkingSlot.java:119)
	at com.park.ParkingSlot.shuffle(ParkingSlot.java:119)
	at com.park.ParkingSlot.shuffle(ParkingSlot.java:119)
	at com.park.ParkingSlot.shuffle(ParkingSlot.java:119)
	at com.park.ParkingSlot.shuffle(ParkingSlot.java:119)
	at com.park.ParkingSlot.shuffle(ParkingSlot.java:119)
	at com.park.ParkingSlot.shuffle(ParkingSlot.java:119)
	at com.park.ParkingSlot.shuffle(ParkingSlot.java:119)
	at com.park.ParkingSlot.shuffle(ParkingSlot.java:119)
	at com.park.ParkingSlot.shuffle(ParkingSlot.java:119)
	at com.park.ParkingSlot.shuffle(ParkingSlot.java:119)
	at com.park.ParkingSlot.shuffle(ParkingSlot.java:119)
	at com.park.ParkingSlot.shuffle(ParkingSlot.java:119)
	at com.park.ParkingSlot.shuffle(ParkingSlot.java:119)
	at com.park.ParkingSlot.shuffle(ParkingSlot.java:119)
	at com.park.ParkingSlot.shuffle(ParkingSlot.java:119)
	at com.park.ParkingSlot.shuffle(ParkingSlot.java:119)
	at com.park.ParkingSlot.shuffle(ParkingSlot.java:119)
	at com.park.ParkingSlot.shuffle(ParkingSlot.java:119)
	at com.park.ParkingSlot.shuffle(ParkingSlot.java:119)
	at com.park.ParkingSlot.shuffle(ParkingSlot.java:119)
	at com.park.ParkingSlot.shuffle(ParkingSlot.java:119)
	at com.park.ParkingSlot.shuffle(ParkingSlot.java:119)
	at com.park.ParkingSlot.shuffle(ParkingSlot.java:119)
	at com.park.ParkingSlot.shuffle(ParkingSlot.java:119)
	at com.park.ParkingSlot.shuffle(ParkingSlot.java:119)
	at com.park.ParkingSlot.shuffle(ParkingSlot.java:119)
	at com.park.ParkingSlot.shuffle(ParkingSlot.java:119)
	at com.park.ParkingSlot.shuffle(ParkingSlot.java:119)
	at com.park.ParkingSlot.shuffle(ParkingSlot.java:119)
	at com.park.ParkingSlot.shuffle(ParkingSlot.java:119)
	at com.park.ParkingSlot.shuffle(ParkingSlot.java:119)
	at com.park.ParkingSlot.shuffle(ParkingSlot.java:119)
	at com.park.ParkingSlot.shuffle(ParkingSlot.java:119)
	at com.park.ParkingSlot.shuffle(ParkingSlot.java:119)
	at com.park.ParkingSlot.shuffle(ParkingSlot.java:119)
	at com.park.ParkingSlot.shuffle(ParkingSlot.java:119)
	at com.park.ParkingSlot.shuffle(ParkingSlot.java:119)
	at com.park.ParkingSlot.shuffle(ParkingSlot.java:119)
	at com.park.ParkingSlot.shuffle(ParkingSlot.java:119)
	at com.park.ParkingSlot.shuffle(ParkingSlot.java:119)
	at com.park.ParkingSlot.shuffle(ParkingSlot.java:119)
	at com.park.ParkingSlot.shuffle(ParkingSlot.java:119)
	at com.park.ParkingSlot.shuffle(ParkingSlot.java:119)
	at com.park.ParkingSlot.shuffle(ParkingSlot.java:119)
	at com.park.ParkingSlot.shuffle(ParkingSlot.java:119)
	at com.park.ParkingSlot.shuffle(ParkingSlot.java:119)
	at com.park.ParkingSlot.shuffle(ParkingSlot.java:119)
	at com.park.ParkingSlot.shuffle(ParkingSlot.java:119)
	at com.park.ParkingSlot.shuffle(ParkingSlot.java:119)
	at com.park.ParkingSlot.shuffle(ParkingSlot.java:119)
	at com.park.ParkingSlot.shuffle(ParkingSlot.java:119)
	at com.park.ParkingSlot.shuffle(ParkingSlot.java:119)
	at com.park.ParkingSlot.shuffle(ParkingSlot.java:119)
	at com.park.ParkingSlot.shuffle(ParkingSlot.java:119)
	at com.park.ParkingSlot.shuffle(ParkingSlot.java:119)
	at com.park.ParkingSlot.shuffle(ParkingSlot.java:119)
	at com.park.ParkingSlot.shuffle(ParkingSlot.java:119)
	at com.park.ParkingSlot.shuffle(ParkingSlot.java:119)
	at com.park.ParkingSlot.shuffle(ParkingSlot.java:119)
	at com.park.ParkingSlot.shuffle(ParkingSlot.java:119)
	at com.park.ParkingSlot.shuffle(ParkingSlot.java:119)
	at com.park.ParkingSlot.shuffle(ParkingSlot.java:119)
	at com.park.ParkingSlot.shuffle(ParkingSlot.java:119)
	at com.park.ParkingSlot.shuffle(ParkingSlot.java:119)
	at com.park.ParkingSlot.shuffle(ParkingSlot.java:119)
	at com.park.ParkingSlot.shuffle(ParkingSlot.java:119)
	at com.park.ParkingSlot.shuffle(ParkingSlot.java:119)
	at com.park.ParkingSlot.shuffle(ParkingSlot.java:119)
	at com.park.ParkingSlot.shuffle(ParkingSlot.java:119)
	at com.park.ParkingSlot.shuffle(ParkingSlot.java:119)
	at com.park.ParkingSlot.shuffle(ParkingSlot.java:119)
	at com.park.ParkingSlot.shuffle(ParkingSlot.java:119)
	at com.park.ParkingSlot.shuffle(ParkingSlot.java:119)
	at com.park.ParkingSlot.shuffle(ParkingSlot.java:119)
	at com.park.ParkingSlot.shuffle(ParkingSlot.java:119)
	at com.park.ParkingSlot.shuffle(ParkingSlot.java:119)
	at com.park.ParkingSlot.shuffle(ParkingSlot.java:119)
	at com.park.ParkingSlot.shuffle(ParkingSlot.java:119)
	at com.park.ParkingSlot.shuffle(ParkingSlot.java:119)
	at com.park.ParkingSlot.shuffle(ParkingSlot.java:119)
	at com.park.ParkingSlot.shuffle(ParkingSlot.java:119)
	at com.park.ParkingSlot.shuffle(ParkingSlot.java:119)
	at com.park.ParkingSlot.shuffle(ParkingSlot.java:119)
	at com.park.ParkingSlot.shuffle(ParkingSlot.java:119)
	at com.park.ParkingSlot.shuffle(ParkingSlot.java:119)
	at com.park.ParkingSlot.shuffle(ParkingSlot.java:119)
	at com.park.ParkingSlot.shuffle(ParkingSlot.java:119)
	at com.park.ParkingSlot.shuffle(ParkingSlot.java:119)
	at com.park.ParkingSlot.shuffle(ParkingSlot.java:119)
	at com.park.ParkingSlot.shuffle(ParkingSlot.java:119)
	at com.park.ParkingSlot.shuffle(ParkingSlot.java:119)
	at com.park.ParkingSlot.shuffle(ParkingSlot.java:119)
	at com.park.ParkingSlot.shuffle(ParkingSlot.java:119)
	at com.park.ParkingSlot.shuffle(ParkingSlot.java:119)
	at com.park.ParkingSlot.shuffle(ParkingSlot.java:119)
	at com.park.ParkingSlot.shuffle(ParkingSlot.java:119)
	at com.park.ParkingSlot.shuffle(ParkingSlot.java:119)
	at com.park.ParkingSlot.shuffle(ParkingSlot.java:119)
	at com.park.ParkingSlot.shuffle(ParkingSlot.java:119)
	at com.park.ParkingSlot.shuffle(ParkingSlot.java:119)
	at com.park.ParkingSlot.shuffle(ParkingSlot.java:119)
	at com.park.ParkingSlot.shuffle(ParkingSlot.java:119)
	at com.park.ParkingSlot.shuffle(ParkingSlot.java:119)
	at com.park.ParkingSlot.shuffle(ParkingSlot.java:119)
	at com.park.ParkingSlot.shuffle(ParkingSlot.java:119)
	at com.park.ParkingSlot.shuffle(ParkingSlot.java:119)
	at com.park.ParkingSlot.shuffle(ParkingSlot.java:119)
	at com.park.ParkingSlot.shuffle(ParkingSlot.java:119)
	at com.park.ParkingSlot.shuffle(ParkingSlot.java:119)
	at com.park.ParkingSlot.shuffle(ParkingSlot.java:119)
	at com.park.ParkingSlot.shuffle(ParkingSlot.java:119)
	at com.park.ParkingSlot.shuffle(ParkingSlot.java:119)
	at com.park.ParkingSlot.shuffle(ParkingSlot.java:119)
	at com.park.ParkingSlot.shuffle(ParkingSlot.java:119)
	at com.park.ParkingSlot.shuffle(ParkingSlot.java:119)
	at com.park.ParkingSlot.shuffle(ParkingSlot.java:119)
	at com.park.ParkingSlot.shuffle(ParkingSlot.java:119)
	at com.park.ParkingSlot.shuffle(ParkingSlot.java:119)
	at com.park.ParkingSlot.shuffle(ParkingSlot.java:119)
	at com.park.ParkingSlot.shuffle(ParkingSlot.java:119)
	at com.park.ParkingSlot.shuffle(ParkingSlot.java:119)
	at com.park.ParkingSlot.shuffle(ParkingSlot.java:119)
	at com.park.ParkingSlot.shuffle(ParkingSlot.java:119)
	at com.park.ParkingSlot.shuffle(ParkingSlot.java:119)
	at com.park.ParkingSlot.shuffle(ParkingSlot.java:119)
	at com.park.ParkingSlot.shuffle(ParkingSlot.java:119)
	at com.park.ParkingSlot.shuffle(ParkingSlot.java:119)
	at com.park.ParkingSlot.shuffle(ParkingSlot.java:119)
	at com.park.ParkingSlot.shuffle(ParkingSlot.java:119)
	at com.park.ParkingSlot.shuffle(ParkingSlot.java:119)
	at com.park.ParkingSlot.shuffle(ParkingSlot.java:119)
	at com.park.ParkingSlot.shuffle(ParkingSlot.java:119)
	at com.park.ParkingSlot.shuffle(ParkingSlot.java:119)
	at com.park.ParkingSlot.shuffle(ParkingSlot.java:119)
	at com.park.ParkingSlot.shuffle(ParkingSlot.java:119)
	at com.park.ParkingSlot.shuffle(ParkingSlot.java:119)
	at com.park.ParkingSlot.shuffle(ParkingSlot.java:119)
	at com.park.ParkingSlot.shuffle(ParkingSlot.java:119)
	at com.park.ParkingSlot.shuffle(ParkingSlot.java:119)
	at com.park.ParkingSlot.shuffle(ParkingSlot.java:119)
	at com.park.ParkingSlot.shuffle(ParkingSlot.java:119)
	at com.park.ParkingSlot.shuffle(ParkingSlot.java:119)
	at com.park.ParkingSlot.shuffle(ParkingSlot.java:119)
	at com.park.ParkingSlot.shuffle(ParkingSlot.java:119)
	at com.park.ParkingSlot.shuffle(ParkingSlot.java:119)
	at com.park.ParkingSlot.shuffle(ParkingSlot.java:119)
	at com.park.ParkingSlot.shuffle(ParkingSlot.java:119)
	at com.park.ParkingSlot.shuffle(ParkingSlot.java:119)
	at com.park.ParkingSlot.shuffle(ParkingSlot.java:119)
	at com.park.ParkingSlot.shuffle(ParkingSlot.java:119)
	at com.park.ParkingSlot.shuffle(ParkingSlot.java:119)
	at com.park.ParkingSlot.shuffle(ParkingSlot.java:119)
	at com.park.ParkingSlot.shuffle(ParkingSlot.java:119)
	at com.park.ParkingSlot.shuffle(ParkingSlot.java:119)
	at com.park.ParkingSlot.shuffle(ParkingSlot.java:119)
	at com.park.ParkingSlot.shuffle(ParkingSlot.java:119)
	at com.park.ParkingSlot.shuffle(ParkingSlot.java:119)
	at com.park.ParkingSlot.shuffle(ParkingSlot.java:119)
	at com.park.ParkingSlot.shuffle(ParkingSlot.java:119)
	at com.park.ParkingSlot.shuffle(ParkingSlot.java:119)
	at com.park.ParkingSlot.shuffle(ParkingSlot.java:119)
	at com.park.ParkingSlot.shuffle(ParkingSlot.java:119)
	at com.park.ParkingSlot.shuffle(ParkingSlot.java:119)
	at com.park.ParkingSlot.shuffle(ParkingSlot.java:119)
	at com.park.ParkingSlot.shuffle(ParkingSlot.java:119)
	at com.park.ParkingSlot.shuffle(ParkingSlot.java:119)
	at com.park.ParkingSlot.shuffle(ParkingSlot.java:119)
	at com.park.ParkingSlot.shuffle(ParkingSlot.java:119)
	at com.park.ParkingSlot.shuffle(ParkingSlot.java:119)
	at com.park.ParkingSlot.shuffle(ParkingSlot.java:119)
	at com.park.ParkingSlot.shuffle(ParkingSlot.java:119)
	at com.park.ParkingSlot.shuffle(ParkingSlot.java:119)
	at com.park.ParkingSlot.shuffle(ParkingSlot.java:119)
	at com.park.ParkingSlot.shuffle(ParkingSlot.java:119)
	at com.park.ParkingSlot.shuffle(ParkingSlot.java:119)
	at com.park.ParkingSlot.shuffle(ParkingSlot.java:119)
	at com.park.ParkingSlot.shuffle(ParkingSlot.java:119)
	at com.park.ParkingSlot.shuffle(ParkingSlot.java:119)
	at com.park.ParkingSlot.shuffle(ParkingSlot.java:119)
	at com.park.ParkingSlot.shuffle(ParkingSlot.java:119)
	at com.park.ParkingSlot.shuffle(ParkingSlot.java:119)
	at com.park.ParkingSlot.shuffle(ParkingSlot.java:119)
	at com.park.ParkingSlot.shuffle(ParkingSlot.java:119)
	at com.park.ParkingSlot.shuffle(ParkingSlot.java:119)
	at com.park.ParkingSlot.shuffle(ParkingSlot.java:119)
	at com.park.ParkingSlot.shuffle(ParkingSlot.java:119)
	at com.park.ParkingSlot.shuffle(ParkingSlot.java:119)
	at com.park.ParkingSlot.shuffle(ParkingSlot.java:119)
	at com.park.ParkingSlot.shuffle(ParkingSlot.java:119)
	at com.park.ParkingSlot.shuffle(ParkingSlot.java:119)
	at com.park.ParkingSlot.shuffle(ParkingSlot.java:119)
	at com.park.ParkingSlot.shuffle(ParkingSlot.java:119)
	at com.park.ParkingSlot.shuffle(ParkingSlot.java:119)
	at com.park.ParkingSlot.shuffle(ParkingSlot.java:119)
	at com.park.ParkingSlot.shuffle(ParkingSlot.java:119)
	at com.park.ParkingSlot.shuffle(ParkingSlot.java:119)
	at com.park.ParkingSlot.shuffle(ParkingSlot.java:119)
	at com.park.ParkingSlot.shuffle(ParkingSlot.java:119)
	at com.park.ParkingSlot.shuffle(ParkingSlot.java:119)
	at com.park.ParkingSlot.shuffle(ParkingSlot.java:119)
	at com.park.ParkingSlot.shuffle(ParkingSlot.java:119)
	at com.park.ParkingSlot.shuffle(ParkingSlot.java:119)
	at com.park.ParkingSlot.shuffle(ParkingSlot.java:119)
	at com.park.ParkingSlot.shuffle(ParkingSlot.java:119)
	at com.park.ParkingSlot.shuffle(ParkingSlot.java:119)
	at com.park.ParkingSlot.shuffle(ParkingSlot.java:119)
	at com.park.ParkingSlot.shuffle(ParkingSlot.java:119)
	at com.park.ParkingSlot.shuffle(ParkingSlot.java:119)
	at com.park.ParkingSlot.shuffle(ParkingSlot.java:119)
	at com.park.ParkingSlot.shuffle(ParkingSlot.java:119)
	at com.park.ParkingSlot.shuffle(ParkingSlot.java:119)
	at com.park.ParkingSlot.shuffle(ParkingSlot.java:119)
	at com.park.ParkingSlot.shuffle(ParkingSlot.java:119)
	at com.park.ParkingSlot.shuffle(ParkingSlot.java:119)
	at com.park.ParkingSlot.shuffle(ParkingSlot.java:119)
	at com.park.ParkingSlot.shuffle(ParkingSlot.java:119)
	at com.park.ParkingSlot.shuffle(ParkingSlot.java:119)
	at com.park.ParkingSlot.shuffle(ParkingSlot.java:119)
	at com.park.ParkingSlot.shuffle(ParkingSlot.java:119)
	at com.park.ParkingSlot.shuffle(ParkingSlot.java:119)
	at com.park.ParkingSlot.shuffle(ParkingSlot.java:119)
	at com.park.ParkingSlot.shuffle(ParkingSlot.java:119)
	at com.park.ParkingSlot.shuffle(ParkingSlot.java:119)
	at com.park.ParkingSlot.shuffle(ParkingSlot.java:119)
	at com.park.ParkingSlot.shuffle(ParkingSlot.java:119)
	at com.park.ParkingSlot.shuffle(ParkingSlot.java:119)
	at com.park.ParkingSlot.shuffle(ParkingSlot.java:119)
	at com.park.ParkingSlot.shuffle(ParkingSlot.java:119)
	at com.park.ParkingSlot.shuffle(ParkingSlot.java:119)
	at com.park.ParkingSlot.shuffle(ParkingSlot.java:119)
	at com.park.ParkingSlot.shuffle(ParkingSlot.java:119)
	at com.park.ParkingSlot.shuffle(ParkingSlot.java:119)
	at com.park.ParkingSlot.shuffle(ParkingSlot.java:119)
	at com.park.ParkingSlot.shuffle(ParkingSlot.java:119)
	at com.park.ParkingSlot.shuffle(ParkingSlot.java:119)
	at com.park.ParkingSlot.shuffle(ParkingSlot.java:119)
	at com.park.ParkingSlot.shuffle(ParkingSlot.java:119)
	at com.park.ParkingSlot.shuffle(ParkingSlot.java:119)
	at com.park.ParkingSlot.shuffle(ParkingSlot.java:119)
	at com.park.ParkingSlot.shuffle(ParkingSlot.java:119)
	at com.park.ParkingSlot.shuffle(ParkingSlot.java:119)
	at com.park.ParkingSlot.shuffle(ParkingSlot.java:119)
	at com.park.ParkingSlot.shuffle(ParkingSlot.java:119)
	at com.park.ParkingSlot.shuffle(ParkingSlot.java:119)
	at com.park.ParkingSlot.shuffle(ParkingSlot.java:119)
	at com.park.ParkingSlot.shuffle(ParkingSlot.java:119)
	at com.park.ParkingSlot.shuffle(ParkingSlot.java:119)
	at com.park.ParkingSlot.shuffle(ParkingSlot.java:119)
	at com.park.ParkingSlot.shuffle(ParkingSlot.java:119)
	at com.park.ParkingSlot.shuffle(ParkingSlot.java:119)
	at com.park.ParkingSlot.shuffle(ParkingSlot.java:119)
	at com.park.ParkingSlot.shuffle(ParkingSlot.java:119)
	at com.park.ParkingSlot.shuffle(ParkingSlot.java:119)
	at com.park.ParkingSlot.shuffle(ParkingSlot.java:119)
	at com.park.ParkingSlot.shuffle(ParkingSlot.java:119)
	at com.park.ParkingSlot.shuffle(ParkingSlot.java:119)
	at com.park.ParkingSlot.shuffle(ParkingSlot.java:119)
	at com.park.ParkingSlot.shuffle(ParkingSlot.java:119)
	at com.park.ParkingSlot.shuffle(ParkingSlot.java:119)
	at com.park.ParkingSlot.shuffle(ParkingSlot.java:119)
	at com.park.ParkingSlot.shuffle(ParkingSlot.java:119)
	at com.park.ParkingSlot.shuffle(ParkingSlot.java:119)
	at com.park.ParkingSlot.shuffle(ParkingSlot.java:119)
	at com.park.ParkingSlot.shuffle(ParkingSlot.java:119)
	at com.park.ParkingSlot.shuffle(ParkingSlot.java:119)
	at com.park.ParkingSlot.shuffle(ParkingSlot.java:119)
	at com.park.ParkingSlot.shuffle(ParkingSlot.java:119)
	at com.park.ParkingSlot.shuffle(ParkingSlot.java:119)
	at com.park.ParkingSlot.shuffle(ParkingSlot.java:119)
	at com.park.ParkingSlot.shuffle(ParkingSlot.java:119)
	at com.park.ParkingSlot.shuffle(ParkingSlot.java:119)
	at com.park.ParkingSlot.shuffle(ParkingSlot.java:119)
	at com.park.ParkingSlot.shuffle(ParkingSlot.java:119)
	at com.park.ParkingSlot.shuffle(ParkingSlot.java:119)
	at com.park.ParkingSlot.shuffle(ParkingSlot.java:119)
	at com.park.ParkingSlot.shuffle(ParkingSlot.java:119)
	at com.park.ParkingSlot.shuffle(ParkingSlot.java:119)
	at com.park.ParkingSlot.shuffle(ParkingSlot.java:119)
	at com.park.ParkingSlot.shuffle(ParkingSlot.java:119)
	at com.park.ParkingSlot.shuffle(ParkingSlot.java:119)
	at com.park.ParkingSlot.shuffle(ParkingSlot.java:119)
	at com.park.ParkingSlot.shuffle(ParkingSlot.java:119)
	at com.park.ParkingSlot.shuffle(ParkingSlot.java:119)
	at com.park.ParkingSlot.shuffle(ParkingSlot.java:119)
	at com.park.ParkingSlot.shuffle(ParkingSlot.java:119)
	at com.park.ParkingSlot.shuffle(ParkingSlot.java:119)
	at com.park.ParkingSlot.shuffle(ParkingSlot.java:119)
	at com.park.ParkingSlot.shuffle(ParkingSlot.java:119)
	at com.park.ParkingSlot.shuffle(ParkingSlot.java:119)
	at com.park.ParkingSlot.shuffle(ParkingSlot.java:119)
	at com.park.ParkingSlot.shuffle(ParkingSlot.java:119)
	at com.park.ParkingSlot.shuffle(ParkingSlot.java:119)
	at com.park.ParkingSlot.shuffle(ParkingSlot.java:119)
	at com.park.ParkingSlot.shuffle(ParkingSlot.java:119)
	at com.park.ParkingSlot.shuffle(ParkingSlot.java:119)
	at com.park.ParkingSlot.shuffle(ParkingSlot.java:119)
	at com.park.ParkingSlot.shuffle(ParkingSlot.java:119)
	at com.park.ParkingSlot.shuffle(ParkingSlot.java:119)
	at com.park.ParkingSlot.shuffle(ParkingSlot.java:119)
	at com.park.ParkingSlot.shuffle(ParkingSlot.java:119)
	at com.park.ParkingSlot.shuffle(ParkingSlot.java:119)
	at com.park.ParkingSlot.shuffle(ParkingSlot.java:119)
	at com.park.ParkingSlot.shuffle(ParkingSlot.java:119)
	at com.park.ParkingSlot.shuffle(ParkingSlot.java:119)
	at com.park.ParkingSlot.shuffle(ParkingSlot.java:119)
	at com.park.ParkingSlot.shuffle(ParkingSlot.java:119)
	at com.park.ParkingSlot.shuffle(ParkingSlot.java:119)
	at com.park.ParkingSlot.shuffle(ParkingSlot.java:119)
	at com.park.ParkingSlot.shuffle(ParkingSlot.java:119)
	at com.park.ParkingSlot.shuffle(ParkingSlot.java:119)
	at com.park.ParkingSlot.shuffle(ParkingSlot.java:119)
	at com.park.ParkingSlot.shuffle(ParkingSlot.java:119)
	at com.park.ParkingSlot.shuffle(ParkingSlot.java:119)
	at com.park.ParkingSlot.shuffle(ParkingSlot.java:119)
	at com.park.ParkingSlot.shuffle(ParkingSlot.java:119)
	at com.park.ParkingSlot.shuffle(ParkingSlot.java:119)
	at com.park.ParkingSlot.shuffle(ParkingSlot.java:119)
	at com.park.ParkingSlot.shuffle(ParkingSlot.java:119)
	at com.park.ParkingSlot.shuffle(ParkingSlot.java:119)
	at com.park.ParkingSlot.shuffle(ParkingSlot.java:119)
	at com.park.ParkingSlot.shuffle(ParkingSlot.java:119)
	at com.park.ParkingSlot.shuffle(ParkingSlot.java:119)
	at com.park.ParkingSlot.shuffle(ParkingSlot.java:119)
	at com.park.ParkingSlot.shuffle(ParkingSlot.java:119)
	at com.park.ParkingSlot.shuffle(ParkingSlot.java:119)
	at com.park.ParkingSlot.shuffle(ParkingSlot.java:119)
	at com.park.ParkingSlot.shuffle(ParkingSlot.java:119)
	at com.park.ParkingSlot.shuffle(ParkingSlot.java:119)
	at com.park.ParkingSlot.shuffle(ParkingSlot.java:119)
	at com.park.ParkingSlot.shuffle(ParkingSlot.java:119)
	at com.park.ParkingSlot.shuffle(ParkingSlot.java:119)
	at com.park.ParkingSlot.shuffle(ParkingSlot.java:119)
	at com.park.ParkingSlot.shuffle(ParkingSlot.java:119)
	at com.park.ParkingSlot.shuffle(ParkingSlot.java:119)
	at com.park.ParkingSlot.shuffle(ParkingSlot.java:119)
	at com.park.ParkingSlot.shuffle(ParkingSlot.java:119)
	at com.park.ParkingSlot.shuffle(ParkingSlot.java:119)
	at com.park.ParkingSlot.shuffle(ParkingSlot.java:119)
	at com.park.ParkingSlot.shuffle(ParkingSlot.java:119)
	at com.park.ParkingSlot.shuffle(ParkingSlot.java:119)
	at com.park.ParkingSlot.shuffle(ParkingSlot.java:119)
	at com.park.ParkingSlot.shuffle(ParkingSlot.java:119)
	at com.park.ParkingSlot.shuffle(ParkingSlot.java:119)
	at com.park.ParkingSlot.shuffle(ParkingSlot.java:119)
	at com.park.ParkingSlot.shuffle(ParkingSlot.java:119)
	at com.park.ParkingSlot.shuffle(ParkingSlot.java:119)
	at com.park.ParkingSlot.shuffle(ParkingSlot.java:119)
	at com.park.ParkingSlot.shuffle(ParkingSlot.java:119)
	at com.park.ParkingSlot.shuffle(ParkingSlot.java:119)
	at com.park.ParkingSlot.shuffle(ParkingSlot.java:119)
	at com.park.ParkingSlot.shuffle(ParkingSlot.java:119)
	at com.park.ParkingSlot.shuffle(ParkingSlot.java:119)
	at com.park.ParkingSlot.shuffle(ParkingSlot.java:119)
	at com.park.ParkingSlot.shuffle(ParkingSlot.java:119)
	at com.park.ParkingSlot.shuffle(ParkingSlot.java:119)
	at com.park.ParkingSlot.shuffle(ParkingSlot.java:119)
	at com.park.ParkingSlot.shuffle(ParkingSlot.java:119)
	at com.park.ParkingSlot.shuffle(ParkingSlot.java:119)
	at com.park.ParkingSlot.shuffle(ParkingSlot.java:119)
	at com.park.ParkingSlot.shuffle(ParkingSlot.java:119)
	at com.park.ParkingSlot.shuffle(ParkingSlot.java:119)
	at com.park.ParkingSlot.shuffle(ParkingSlot.java:119)
	at com.park.ParkingSlot.shuffle(ParkingSlot.java:119)
	at com.park.ParkingSlot.shuffle(ParkingSlot.java:119)
	at com.park.ParkingSlot.shuffle(ParkingSlot.java:119)
	at com.park.ParkingSlot.shuffle(ParkingSlot.java:119)
	at com.park.ParkingSlot.shuffle(ParkingSlot.java:119)
	at com.park.ParkingSlot.shuffle(ParkingSlot.java:119)
	at com.park.ParkingSlot.shuffle(ParkingSlot.java:119)
	at com.park.ParkingSlot.shuffle(ParkingSlot.java:119)
	at com.park.ParkingSlot.shuffle(ParkingSlot.java:119)
	at com.park.ParkingSlot.shuffle(ParkingSlot.java:119)
	at com.park.ParkingSlot.shuffle(ParkingSlot.java:119)
	at com.park.ParkingSlot.shuffle(ParkingSlot.java:119)
	at com.park.ParkingSlot.shuffle(ParkingSlot.java:119)
	at com.park.ParkingSlot.shuffle(ParkingSlot.java:119)
	at com.park.ParkingSlot.shuffle(ParkingSlot.java:119)
	at com.park.ParkingSlot.shuffle(ParkingSlot.java:119)
	at com.park.ParkingSlot.shuffle(ParkingSlot.java:119)
	at com.park.ParkingSlot.shuffle(ParkingSlot.java:119)
	at com.park.ParkingSlot.shuffle(ParkingSlot.java:119)
	at com.park.ParkingSlot.shuffle(ParkingSlot.java:119)
	at com.park.ParkingSlot.shuffle(ParkingSlot.java:119)
	at com.park.ParkingSlot.shuffle(ParkingSlot.java:119)
	at com.park.ParkingSlot.shuffle(ParkingSlot.java:119)
	at com.park.ParkingSlot.shuffle(ParkingSlot.java:119)
	at com.park.ParkingSlot.shuffle(ParkingSlot.java:119)
	at com.park.ParkingSlot.shuffle(ParkingSlot.java:119)
	at com.park.ParkingSlot.shuffle(ParkingSlot.java:119)
	at com.park.ParkingSlot.shuffle(ParkingSlot.java:119)
	at com.park.ParkingSlot.shuffle(ParkingSlot.java:119)
	at com.park.ParkingSlot.shuffle(ParkingSlot.java:119)
	at com.park.ParkingSlot.shuffle(ParkingSlot.java:119)
	at com.park.ParkingSlot.shuffle(ParkingSlot.java:119)
	at com.park.ParkingSlot.shuffle(ParkingSlot.java:119)
	at com.park.ParkingSlot.shuffle(ParkingSlot.java:119)
	at com.park.ParkingSlot.shuffle(ParkingSlot.java:119)
	at com.park.ParkingSlot.shuffle(ParkingSlot.java:119)
	at com.park.ParkingSlot.shuffle(ParkingSlot.java:119)
	at com.park.ParkingSlot.shuffle(ParkingSlot.java:119)
	at com.park.ParkingSlot.shuffle(ParkingSlot.java:119)
	at com.park.ParkingSlot.shuffle(ParkingSlot.java:119)
	at com.park.ParkingSlot.shuffle(ParkingSlot.java:119)
	at com.park.ParkingSlot.shuffle(ParkingSlot.java:119)
	at com.park.ParkingSlot.shuffle(ParkingSlot.java:119)
	at com.park.ParkingSlot.shuffle(ParkingSlot.java:119)
	at com.park.ParkingSlot.shuffle(ParkingSlot.java:119)
	at com.park.ParkingSlot.shuffle(ParkingSlot.java:119)
	at com.park.ParkingSlot.shuffle(ParkingSlot.java:119)
	at com.park.ParkingSlot.shuffle(ParkingSlot.java:119)
	at com.park.ParkingSlot.shuffle(ParkingSlot.java:119)
	at com.park.ParkingSlot.shuffle(ParkingSlot.java:119)
	at com.park.ParkingSlot.shuffle(ParkingSlot.java:119)
	at com.park.ParkingSlot.shuffle(ParkingSlot.java:119)
	at com.park.ParkingSlot.shuffle(ParkingSlot.java:119)
	at com.park.ParkingSlot.shuffle(ParkingSlot.java:119)
	at com.park.ParkingSlot.shuffle(ParkingSlot.java:119)
	at com.park.ParkingSlot.shuffle(ParkingSlot.java:119)
	at com.park.ParkingSlot.shuffle(ParkingSlot.java:119)
	at com.park.ParkingSlot.shuffle(ParkingSlot.java:119)
	at com.park.ParkingSlot.shuffle(ParkingSlot.java:119)
	at com.park.ParkingSlot.shuffle(ParkingSlot.java:119)
	at com.park.ParkingSlot.shuffle(ParkingSlot.java:119)
	at com.park.ParkingSlot.shuffle(ParkingSlot.java:119)
	at com.park.ParkingSlot.shuffle(ParkingSlot.java:119)
	at com.park.ParkingSlot.shuffle(ParkingSlot.java:119)
	at com.park.ParkingSlot.shuffle(ParkingSlot.java:119)
	at com.park.ParkingSlot.shuffle(ParkingSlot.java:119)
	at com.park.ParkingSlot.shuffle(ParkingSlot.java:119)
	at com.park.ParkingSlot.shuffle(ParkingSlot.java:119)
	at com.park.ParkingSlot.shuffle(ParkingSlot.java:119)
	at com.park.ParkingSlot.shuffle(ParkingSlot.java:119)
	at com.park.ParkingSlot.shuffle(ParkingSlot.java:119)
	at com.park.ParkingSlot.shuffle(ParkingSlot.java:119)
	at com.park.ParkingSlot.shuffle(ParkingSlot.java:119)
	at com.park.ParkingSlot.shuffle(ParkingSlot.java:119)
	at com.park.ParkingSlot.shuffle(ParkingSlot.java:119)
	at com.park.ParkingSlot.shuffle(ParkingSlot.java:119)
	at com.park.ParkingSlot.shuffle(ParkingSlot.java:119)
	at com.park.ParkingSlot.shuffle(ParkingSlot.java:119)
	at com.park.ParkingSlot.shuffle(ParkingSlot.java:119)
	at com.park.ParkingSlot.shuffle(ParkingSlot.java:119)
	at com.park.ParkingSlot.shuffle(ParkingSlot.java:119)
	at com.park.ParkingSlot.shuffle(ParkingSlot.java:119)
	at com.park.ParkingSlot.shuffle(ParkingSlot.java:119)
	at com.park.ParkingSlot.shuffle(ParkingSlot.java:119)
	at com.park.ParkingSlot.shuffle(ParkingSlot.java:119)
	at com.park.ParkingSlot.shuffle(ParkingSlot.java:119)
	at com.park.ParkingSlot.shuffle(ParkingSlot.java:119)
	at com.park.ParkingSlot.shuffle(ParkingSlot.java:119)
	at com.park.ParkingSlot.shuffle(ParkingSlot.java:119)
	at com.park.ParkingSlot.shuffle(ParkingSlot.java:119)
	at com.park.ParkingSlot.shuffle(ParkingSlot.java:119)
	at com.park.ParkingSlot.shuffle(ParkingSlot.java:119)
	at com.park.ParkingSlot.shuffle(ParkingSlot.java:119)
	at com.park.ParkingSlot.shuffle(ParkingSlot.java:119)
	at com.park.ParkingSlot.shuffle(ParkingSlot.java:119)
	at com.park.ParkingSlot.shuffle(ParkingSlot.java:119)
	at com.park.ParkingSlot.shuffle(ParkingSlot.java:119)
	at com.park.ParkingSlot.shuffle(ParkingSlot.java:119)
	at com.park.ParkingSlot.shuffle(ParkingSlot.java:119)
	at com.park.ParkingSlot.shuffle(ParkingSlot.java:119)
	at com.park.ParkingSlot.shuffle(ParkingSlot.java:119)
	at com.park.ParkingSlot.shuffle(ParkingSlot.java:119)
	at com.park.ParkingSlot.shuffle(ParkingSlot.java:119)
	at com.park.ParkingSlot.shuffle(ParkingSlot.java:119)
	at com.park.ParkingSlot.shuffle(ParkingSlot.java:119)
	at com.park.ParkingSlot.shuffle(ParkingSlot.java:119)
	at com.park.ParkingSlot.shuffle(ParkingSlot.java:119)
	at com.park.ParkingSlot.shuffle(ParkingSlot.java:119)
	at com.park.ParkingSlot.shuffle(ParkingSlot.java:119)
	at com.park.ParkingSlot.shuffle(ParkingSlot.java:119)
	at com.park.ParkingSlot.shuffle(ParkingSlot.java:119)
	at com.park.ParkingSlot.shuffle(ParkingSlot.java:119)
	at com.park.ParkingSlot.shuffle(ParkingSlot.java:119)
	at com.park.ParkingSlot.shuffle(ParkingSlot.java:119)
	at com.park.ParkingSlot.shuffle(ParkingSlot.java:119)
	at com.park.ParkingSlot.shuffle(ParkingSlot.java:119)
	at com.park.ParkingSlot.shuffle(ParkingSlot.java:119)
	at com.park.ParkingSlot.shuffle(ParkingSlot.java:119)
	at com.park.ParkingSlot.shuffle(ParkingSlot.java:119)
	at com.park.ParkingSlot.shuffle(ParkingSlot.java:119)
	at com.park.ParkingSlot.shuffle(ParkingSlot.java:119)
	at com.park.ParkingSlot.shuffle(ParkingSlot.java:119)
	at com.park.ParkingSlot.shuffle(ParkingSlot.java:119)
	at com.park.ParkingSlot.shuffle(ParkingSlot.java:119)
	at com.park.ParkingSlot.shuffle(ParkingSlot.java:119)
	at com.park.ParkingSlot.shuffle(ParkingSlot.java:119)
	at com.park.ParkingSlot.shuffle(ParkingSlot.java:119)
	at com.park.ParkingSlot.shuffle(ParkingSlot.java:119)
	at com.park.ParkingSlot.shuffle(ParkingSlot.java:119)
	at com.park.ParkingSlot.shuffle(ParkingSlot.java:119)
	at com.park.ParkingSlot.shuffle(ParkingSlot.java:119)
	at com.park.ParkingSlot.shuffle(ParkingSlot.java:119)
	at com.park.ParkingSlot.shuffle(ParkingSlot.java:119)
	at com.park.ParkingSlot.shuffle(ParkingSlot.java:119)
	at com.park.ParkingSlot.shuffle(ParkingSlot.java:119)
	at com.park.ParkingSlot.shuffle(ParkingSlot.java:119)
	at com.park.ParkingSlot.shuffle(ParkingSlot.java:119)
	at com.park.ParkingSlot.shuffle(ParkingSlot.java:119)
	at com.park.ParkingSlot.shuffle(ParkingSlot.java:119)
	at com.park.ParkingSlot.shuffle(ParkingSlot.java:119)
	at com.park.ParkingSlot.shuffle(ParkingSlot.java:119)
	at com.park.ParkingSlot.shuffle(ParkingSlot.java:119)
	at com.park.ParkingSlot.shuffle(ParkingSlot.java:119)
	at com.park.ParkingSlot.shuffle(ParkingSlot.java:119)
	at com.park.ParkingSlot.shuffle(ParkingSlot.java:119)
	at com.park.ParkingSlot.shuffle(ParkingSlot.java:119)
	at com.park.ParkingSlot.shuffle(ParkingSlot.java:119)
	at com.park.ParkingSlot.shuffle(ParkingSlot.java:119)
	at com.park.ParkingSlot.shuffle(ParkingSlot.java:119)
	at com.park.ParkingSlot.shuffle(ParkingSlot.java:119)
	at com.park.ParkingSlot.shuffle(ParkingSlot.java:119)
	at com.park.ParkingSlot.shuffle(ParkingSlot.java:119)
	at com.park.ParkingSlot.shuffle(ParkingSlot.java:119)
	at com.park.ParkingSlot.shuffle(ParkingSlot.java:119)
	at com.park.ParkingSlot.shuffle(ParkingSlot.java:119)
	at com.park.ParkingSlot.shuffle(ParkingSlot.java:119)
	at com.park.ParkingSlot.shuffle(ParkingSlot.java:119)
	at com.park.ParkingSlot.shuffle(ParkingSlot.java:119)
	at com.park.ParkingSlot.shuffle(ParkingSlot.java:119)
	at com.park.ParkingSlot.shuffle(ParkingSlot.java:119)
	at com.park.ParkingSlot.shuffle(ParkingSlot.java:119)
	at com.park.ParkingSlot.shuffle(ParkingSlot.java:119)
	at com.park.ParkingSlot.shuffle(ParkingSlot.java:119)
	at com.park.ParkingSlot.shuffle(ParkingSlot.java:119)
	at com.park.ParkingSlot.shuffle(ParkingSlot.java:119)
	at com.park.ParkingSlot.shuffle(ParkingSlot.java:119)
	at com.park.ParkingSlot.shuffle(ParkingSlot.java:119)
	at com.park.ParkingSlot.shuffle(ParkingSlot.java:119)
	at com.park.ParkingSlot.shuffle(ParkingSlot.java:119)
	at com.park.ParkingSlot.shuffle(ParkingSlot.java:119)
	at com.park.ParkingSlot.shuffle(ParkingSlot.java:119)
	at com.park.ParkingSlot.shuffle(ParkingSlot.java:119)
	at com.park.ParkingSlot.shuffle(ParkingSlot.java:119)
	at com.park.ParkingSlot.shuffle(ParkingSlot.java:119)
	at com.park.ParkingSlot.shuffle(ParkingSlot.java:119)
	at com.park.ParkingSlot.shuffle(ParkingSlot.java:119)
	at com.park.ParkingSlot.shuffle(ParkingSlot.java:119)
	at com.park.ParkingSlot.shuffle(ParkingSlot.java:119)
	at com.park.ParkingSlot.shuffle(ParkingSlot.java:119)
	at com.park.ParkingSlot.shuffle(ParkingSlot.java:119)
	at com.park.ParkingSlot.shuffle(ParkingSlot.java:119)
	at com.park.ParkingSlot.shuffle(ParkingSlot.java:119)
	at com.park.ParkingSlot.shuffle(ParkingSlot.java:119)
	at com.park.ParkingSlot.shuffle(ParkingSlot.java:119)
	at com.park.ParkingSlot.shuffle(ParkingSlot.java:119)
	at com.park.ParkingSlot.shuffle(ParkingSlot.java:119)
	at com.park.ParkingSlot.shuffle(ParkingSlot.java:119)
	at com.park.ParkingSlot.shuffle(ParkingSlot.java:119)
	at com.park.ParkingSlot.shuffle(ParkingSlot.java:119)
	at com.park.ParkingSlot.shuffle(ParkingSlot.java:119)
	at com.park.ParkingSlot.shuffle(ParkingSlot.java:119)
	at com.park.ParkingSlot.shuffle(ParkingSlot.java:119)
	at com.park.ParkingSlot.shuffle(ParkingSlot.java:119)
	at com.park.ParkingSlot.shuffle(ParkingSlot.java:119)
	at com.park.ParkingSlot.shuffle(ParkingSlot.java:119)
	at com.park.ParkingSlot.shuffle(ParkingSlot.java:119)
	at com.park.ParkingSlot.shuffle(ParkingSlot.java:119)
	at com.park.ParkingSlot.shuffle(ParkingSlot.java:119)
	at com.park.ParkingSlot.shuffle(ParkingSlot.java:119)
	at com.park.ParkingSlot.shuffle(ParkingSlot.java:119)
	at com.park.ParkingSlot.shuffle(ParkingSlot.java:119)
	at com.park.ParkingSlot.shuffle(ParkingSlot.java:119)
	at com.park.ParkingSlot.shuffle(ParkingSlot.java:119)
	at com.park.ParkingSlot.shuffle(ParkingSlot.java:119)
	at com.park.ParkingSlot.shuffle(ParkingSlot.java:119)
	at com.park.ParkingSlot.shuffle(ParkingSlot.java:119)
	at com.park.ParkingSlot.shuffle(ParkingSlot.java:119)
	at com.park.ParkingSlot.shuffle(ParkingSlot.java:119)
	at com.park.ParkingSlot.shuffle(ParkingSlot.java:119)
	at com.park.ParkingSlot.shuffle(ParkingSlot.java:119)
	at com.park.ParkingSlot.shuffle(ParkingSlot.java:119)
	at com.park.ParkingSlot.shuffle(ParkingSlot.java:119)
	at com.park.ParkingSlot.shuffle(ParkingSlot.java:119)
	at com.park.ParkingSlot.shuffle(ParkingSlot.java:119)
	at com.park.ParkingSlot.shuffle(ParkingSlot.java:119)
	at com.park.ParkingSlot.shuffle(ParkingSlot.java:119)
	at com.park.ParkingSlot.shuffle(ParkingSlot.java:119)
	at com.park.ParkingSlot.shuffle(ParkingSlot.java:119)
	at com.park.ParkingSlot.shuffle(ParkingSlot.java:119)
	at com.park.ParkingSlot.shuffle(ParkingSlot.java:119)
	at com.park.ParkingSlot.shuffle(ParkingSlot.java:119)
	at com.park.ParkingSlot.shuffle(ParkingSlot.java:119)
	at com.park.ParkingSlot.shuffle(ParkingSlot.java:119)
	at com.park.ParkingSlot.shuffle(ParkingSlot.java:119)
	at com.park.ParkingSlot.shuffle(ParkingSlot.java:119)
	at com.park.ParkingSlot.shuffle(ParkingSlot.java:119)
	at com.park.ParkingSlot.shuffle(ParkingSlot.java:119)
	at com.park.ParkingSlot.shuffle(ParkingSlot.java:119)
	at com.park.ParkingSlot.shuffle(ParkingSlot.java:119)
	at com.park.ParkingSlot.shuffle(ParkingSlot.java:119)
	at com.park.ParkingSlot.shuffle(ParkingSlot.java:119)
	at com.park.ParkingSlot.shuffle(ParkingSlot.java:119)
	at com.park.ParkingSlot.shuffle(ParkingSlot.java:119)
	at com.park.ParkingSlot.shuffle(ParkingSlot.java:119)
	at com.park.ParkingSlot.shuffle(ParkingSlot.java:119)
	at com.park.ParkingSlot.shuffle(ParkingSlot.java:119)
	at com.park.ParkingSlot.shuffle(ParkingSlot.java:119)
	at com.park.ParkingSlot.shuffle(ParkingSlot.java:119)
	at com.park.ParkingSlot.shuffle(ParkingSlot.java:119)
	at com.park.ParkingSlot.shuffle(ParkingSlot.java:119)
	at com.park.ParkingSlot.shuffle(ParkingSlot.java:119)
	at com.park.ParkingSlot.shuffle(ParkingSlot.java:119)
	at com.park.ParkingSlot.shuffle(ParkingSlot.java:119)
	at com.park.ParkingSlot.shuffle(ParkingSlot.java:119)
	at com.park.ParkingSlot.shuffle(ParkingSlot.java:119)
	at com.park.ParkingSlot.shuffle(ParkingSlot.java:119)
	at com.park.ParkingSlot.shuffle(ParkingSlot.java:119)
	at com.park.ParkingSlot.shuffle(ParkingSlot.java:119)
	at com.park.ParkingSlot.shuffle(ParkingSlot.java:119)
	at com.park.ParkingSlot.shuffle(ParkingSlot.java:119)
	at com.park.ParkingSlot.shuffle(ParkingSlot.java:119)
	at com.park.ParkingSlot.shuffle(ParkingSlot.java:119)
	at com.park.ParkingSlot.shuffle(ParkingSlot.java:119)
	at com.park.ParkingSlot.shuffle(ParkingSlot.java:119)
	at com.park.ParkingSlot.shuffle(ParkingSlot.java:119)
	at com.park.ParkingSlot.shuffle(ParkingSlot.java:119)
	at com.park.ParkingSlot.shuffle(ParkingSlot.java:119)
	at com.park.ParkingSlot.shuffle(ParkingSlot.java:119)
	at com.park.ParkingSlot.shuffle(ParkingSlot.java:119)
	at com.park.ParkingSlot.shuffle(ParkingSlot.java:119)
	at com.park.ParkingSlot.shuffle(ParkingSlot.java:119)
	at com.park.ParkingSlot.shuffle(ParkingSlot.java:119)
	at com.park.ParkingSlot.shuffle(ParkingSlot.java:119)
	at com.park.ParkingSlot.shuffle(ParkingSlot.java:119)
	at com.park.ParkingSlot.shuffle(ParkingSlot.java:119)
	at com.park.ParkingSlot.shuffle(ParkingSlot.java:119)
	at com.park.ParkingSlot.shuffle(ParkingSlot.java:119)
	at com.park.ParkingSlot.shuffle(ParkingSlot.java:119)
	at com.park.ParkingSlot.shuffle(ParkingSlot.java:119)
	at com.park.ParkingSlot.shuffle(ParkingSlot.java:119)
	at com.park.ParkingSlot.shuffle(ParkingSlot.java:119)
	at com.park.ParkingSlot.shuffle(ParkingSlot.java:119)
	at com.park.ParkingSlot.shuffle(ParkingSlot.java:119)
	at com.park.ParkingSlot.shuffle(ParkingSlot.java:119)
	at com.park.ParkingSlot.shuffle(ParkingSlot.java:119)
	at com.park.ParkingSlot.shuffle(ParkingSlot.java:119)
	at com.park.ParkingSlot.shuffle(ParkingSlot.java:119)
	at com.park.ParkingSlot.shuffle(ParkingSlot.java:119)
	at com.park.ParkingSlot.shuffle(ParkingSlot.java:119)
	at com.park.ParkingSlot.shuffle(ParkingSlot.java:119)
	at com.park.ParkingSlot.shuffle(ParkingSlot.java:119)
	at com.park.ParkingSlot.shuffle(ParkingSlot.java:119)
	at com.park.ParkingSlot.shuffle(ParkingSlot.java:119)
	at com.park.ParkingSlot.shuffle(ParkingSlot.java:119)
	at com.park.ParkingSlot.shuffle(ParkingSlot.java:119)
	at com.park.ParkingSlot.shuffle(ParkingSlot.java:119)
	at com.park.ParkingSlot.shuffle(ParkingSlot.java:119)
	at com.park.ParkingSlot.shuffle(ParkingSlot.java:119)
	at com.park.ParkingSlot.shuffle(ParkingSlot.java:119)
	at com.park.ParkingSlot.shuffle(ParkingSlot.java:119)
	at com.park.ParkingSlot.shuffle(ParkingSlot.java:119)
	at com.park.ParkingSlot.shuffle(ParkingSlot.java:119)
	at com.park.ParkingSlot.shuffle(ParkingSlot.java:119)
	at com.park.ParkingSlot.shuffle(ParkingSlot.java:119)
	at com.park.ParkingSlot.shuffle(ParkingSlot.java:119)
	at com.park.ParkingSlot.shuffle(ParkingSlot.java:119)
	at com.park.ParkingSlot.shuffle(ParkingSlot.java:119)
	at com.park.ParkingSlot.shuffle(ParkingSlot.java:119)
	at com.park.ParkingSlot.shuffle(ParkingSlot.java:119)
	at com.park.ParkingSlot.shuffle(ParkingSlot.java:119)
	at com.park.ParkingSlot.shuffle(ParkingSlot.java:119)
	at com.park.ParkingSlot.shuffle(ParkingSlot.java:119)
	at com.park.ParkingSlot.shuffle(ParkingSlot.java:119)
	at com.park.ParkingSlot.shuffle(ParkingSlot.java:119)
	at com.park.ParkingSlot.shuffle(ParkingSlot.java:119)
	at com.park.ParkingSlot.shuffle(ParkingSlot.java:119)
	at com.park.ParkingSlot.shuffle(ParkingSlot.java:119)
	at com.park.ParkingSlot.shuffle(ParkingSlot.java:119)
	at com.park.ParkingSlot.shuffle(ParkingSlot.java:119)
	at com.park.ParkingSlot.shuffle(ParkingSlot.java:119)
	at com.park.ParkingSlot.shuffle(ParkingSlot.java:119)
	at com.park.ParkingSlot.shuffle(ParkingSlot.java:119)
	at com.park.ParkingSlot.shuffle(ParkingSlot.java:119)
	at com.park.ParkingSlot.shuffle(ParkingSlot.java:119)
	at com.park.ParkingSlot.shuffle(ParkingSlot.java:119)
	at com.park.ParkingSlot.shuffle(ParkingSlot.java:119)
	at com.park.ParkingSlot.shuffle(ParkingSlot.java:119)
	at com.park.ParkingSlot.shuffle(ParkingSlot.java:119)
	at com.park.ParkingSlot.shuffle(ParkingSlot.java:119)
	at com.park.ParkingSlot.shuffle(ParkingSlot.java:119)
	at com.park.ParkingSlot.shuffle(ParkingSlot.java:119)
	at com.park.ParkingSlot.shuffle(ParkingSlot.java:119)
	at com.park.ParkingSlot.shuffle(ParkingSlot.java:119)
	at com.park.ParkingSlot.shuffle(ParkingSlot.java:119)
	at com.park.ParkingSlot.shuffle(ParkingSlot.java:119)
	at com.park.ParkingSlot.shuffle(ParkingSlot.java:119)
	at com.park.ParkingSlot.shuffle(ParkingSlot.java:119)
	at com.park.ParkingSlot.shuffle(ParkingSlot.java:119)
	at com.park.ParkingSlot.shuffle(ParkingSlot.java:119)
	at com.park.ParkingSlot.shuffle(ParkingSlot.java:119)
	at com.park.ParkingSlot.shuffle(ParkingSlot.java:119)
	at com.park.ParkingSlot.shuffle(ParkingSlot.java:119)
	at com.park.ParkingSlot.shuffle(ParkingSlot.java:119)
	at com.park.ParkingSlot.shuffle(ParkingSlot.java:119)
	at com.park.ParkingSlot.shuffle(ParkingSlot.java:119)
	at com.park.ParkingSlot.shuffle(ParkingSlot.java:119)
	at com.park.ParkingSlot.shuffle(ParkingSlot.java:119)
	at com.park.ParkingSlot.shuffle(ParkingSlot.java:119)
	at com.park.ParkingSlot.shuffle(ParkingSlot.java:119)
	at com.park.ParkingSlot.shuffle(ParkingSlot.java:119)
	at com.park.ParkingSlot.shuffle(ParkingSlot.java:119)
	at com.park.ParkingSlot.shuffle(ParkingSlot.java:119)
	at com.park.ParkingSlot.shuffle(ParkingSlot.java:119)
	at com.park.ParkingSlot.shuffle(ParkingSlot.java:119)
	at com.park.ParkingSlot.shuffle(ParkingSlot.java:119)
	at com.park.ParkingSlot.shuffle(ParkingSlot.java:119)
	at com.park.ParkingSlot.shuffle(ParkingSlot.java:119)
	at com.park.ParkingSlot.shuffle(ParkingSlot.java:119)
	at com.park.ParkingSlot.shuffle(ParkingSlot.java:119)
	at com.park.ParkingSlot.shuffle(ParkingSlot.java:119)
	at com.park.ParkingSlot.shuffle(ParkingSlot.java:119)
	at com.park.ParkingSlot.shuffle(ParkingSlot.java:119)
	at com.park.ParkingSlot.shuffle(ParkingSlot.java:119)
	at com.park.ParkingSlot.shuffle(ParkingSlot.java:119)
	at com.park.ParkingSlot.shuffle(ParkingSlot.java:119)
	at com.park.ParkingSlot.shuffle(ParkingSlot.java:119)
	at com.park.ParkingSlot.shuffle(ParkingSlot.java:119)
	at com.park.ParkingSlot.shuffle(ParkingSlot.java:119)
	at com.park.ParkingSlot.shuffle(ParkingSlot.java:119)
	at com.park.ParkingSlot.shuffle(ParkingSlot.java:119)
	at com.park.ParkingSlot.shuffle(ParkingSlot.java:119)
	at com.park.ParkingSlot.shuffle(ParkingSlot.java:119)
	at com.park.ParkingSlot.shuffle(ParkingSlot.java:119)
	at com.park.ParkingSlot.shuffle(ParkingSlot.java:119)
	at com.park.ParkingSlot.shuffle(ParkingSlot.java:119)
	at com.park.ParkingSlot.shuffle(ParkingSlot.java:119)
	at com.park.ParkingSlot.shuffle(ParkingSlot.java:119)
	at com.park.ParkingSlot.shuffle(ParkingSlot.java:119)
	at com.park.ParkingSlot.shuffle(ParkingSlot.java:119)
	at com.park.ParkingSlot.shuffle(ParkingSlot.java:119)
	at com.park.ParkingSlot.shuffle(ParkingSlot.java:119)
	at com.park.ParkingSlot.shuffle(ParkingSlot.java:119)
	at com.park.ParkingSlot.shuffle(ParkingSlot.java:119)
	at com.park.ParkingSlot.shuffle(ParkingSlot.java:119)
	at com.park.ParkingSlot.shuffle(ParkingSlot.java:119)
	at com.park.ParkingSlot.shuffle(ParkingSlot.java:119)
	at com.park.ParkingSlot.shuffle(ParkingSlot.java:119)
	at com.park.ParkingSlot.shuffle(ParkingSlot.java:119)
	at com.park.ParkingSlot.shuffle(ParkingSlot.java:119)
	at com.park.ParkingSlot.shuffle(ParkingSlot.java:119)
	at com.park.ParkingSlot.shuffle(ParkingSlot.java:119)
	at com.park.ParkingSlot.shuffle(ParkingSlot.java:119)
	at com.park.ParkingSlot.shuffle(ParkingSlot.java:119)
	at com.park.ParkingSlot.shuffle(ParkingSlot.java:119)
	at com.park.ParkingSlot.shuffle(ParkingSlot.java:119)
	at com.park.ParkingSlot.shuffle(ParkingSlot.java:119)
	at com.park.ParkingSlot.shuffle(ParkingSlot.java:119)
	at com.park.ParkingSlot.shuffle(ParkingSlot.java:119)
	at com.park.ParkingSlot.shuffle(ParkingSlot.java:119)
	at com.park.ParkingSlot.shuffle(ParkingSlot.java:119)
	at com.park.ParkingSlot.shuffle(ParkingSlot.java:119)
	at com.park.ParkingSlot.shuffle(ParkingSlot.java:119)
	at com.park.ParkingSlot.shuffle(ParkingSlot.java:119)
	at com.park.ParkingSlot.shuffle(ParkingSlot.java:119)
	at com.park.ParkingSlot.shuffle(ParkingSlot.java:119)
	at com.park.ParkingSlot.shuffle(ParkingSlot.java:119)
	at com.park.ParkingSlot.shuffle(ParkingSlot.java:119)
	at com.park.ParkingSlot.shuffle(ParkingSlot.java:119)
	at com.park.ParkingSlot.shuffle(ParkingSlot.java:119)
	at com.park.ParkingSlot.shuffle(ParkingSlot.java:119)
	at com.park.ParkingSlot.shuffle(ParkingSlot.java:119)
	at com.park.ParkingSlot.shuffle(ParkingSlot.java:119)
	at com.park.ParkingSlot.shuffle(ParkingSlot.java:119)
	at com.park.ParkingSlot.shuffle(ParkingSlot.java:119)
	at com.park.ParkingSlot.shuffle(ParkingSlot.java:119)
	at com.park.ParkingSlot.shuffle(ParkingSlot.java:119)
	at com.park.ParkingSlot.shuffle(ParkingSlot.java:119)
	at com.park.ParkingSlot.shuffle(ParkingSlot.java:119)
	at com.park.ParkingSlot.shuffle(ParkingSlot.java:119)
	at com.park.ParkingSlot.shuffle(ParkingSlot.java:119)
	at com.park.ParkingSlot.shuffle(ParkingSlot.java:119)
	at com.park.ParkingSlot.shuffle(ParkingSlot.java:119)
	at com.park.ParkingSlot.shuffle(ParkingSlot.java:119)
	at com.park.ParkingSlot.shuffle(ParkingSlot.java:119)
	at com.park.ParkingSlot.shuffle(ParkingSlot.java:119)
	at com.park.ParkingSlot.shuffle(ParkingSlot.java:119)
	at com.park.ParkingSlot.shuffle(ParkingSlot.java:119)
	at com.park.ParkingSlot.shuffle(ParkingSlot.java:119)
	at com.park.ParkingSlot.shuffle(ParkingSlot.java:119)
	at com.park.ParkingSlot.shuffle(ParkingSlot.java:119)
	at com.park.ParkingSlot.shuffle(ParkingSlot.java:119)
	at com.park.ParkingSlot.shuffle(ParkingSlot.java:119)
	at com.park.ParkingSlot.shuffle(ParkingSlot.java:119)
	at com.park.ParkingSlot.shuffle(ParkingSlot.java:119)
	at com.park.ParkingSlot.shuffle(ParkingSlot.java:119)
	at com.park.ParkingSlot.shuffle(ParkingSlot.java:119)
	at com.park.ParkingSlot.shuffle(ParkingSlot.java:119)
	at com.park.ParkingSlot.shuffle(ParkingSlot.java:119)
	at com.park.ParkingSlot.shuffle(ParkingSlot.java:119)
	at com.park.ParkingSlot.shuffle(ParkingSlot.java:119)
	at com.park.ParkingSlot.shuffle(ParkingSlot.java:119)
	at com.park.ParkingSlot.shuffle(ParkingSlot.java:119)
	at com.park.ParkingSlot.shuffle(ParkingSlot.java:119)
	at com.park.ParkingSlot.shuffle(ParkingSlot.java:119)
	at com.park.ParkingSlot.shuffle(ParkingSlot.java:119)
	at com.park.ParkingSlot.shuffle(ParkingSlot.java:119)
	at com.park.ParkingSlot.shuffle(ParkingSlot.java:119)
	at com.park.ParkingSlot.shuffle(ParkingSlot.java:119)
	at com.park.ParkingSlot.shuffle(ParkingSlot.java:119)
	at com.park.ParkingSlot.shuffle(ParkingSlot.java:119)
	at com.park.ParkingSlot.shuffle(ParkingSlot.java:119)
	at com.park.ParkingSlot.shuffle(ParkingSlot.java:119)
	at com.park.ParkingSlot.shuffle(ParkingSlot.java:119)
	at com.park.ParkingSlot.shuffle(ParkingSlot.java:119)
	at com.park.ParkingSlot.shuffle(ParkingSlot.java:119)
	at com.park.ParkingSlot.shuffle(ParkingSlot.java:119)
	at com.park.ParkingSlot.shuffle(ParkingSlot.java:119)
	at com.park.ParkingSlot.shuffle(ParkingSlot.java:119)
	at com.park.ParkingSlot.shuffle(ParkingSlot.java:119)
	at com.park.ParkingSlot.shuffle(ParkingSlot.java:119)
	at com.park.ParkingSlot.shuffle(ParkingSlot.java:119)
	at com.park.ParkingSlot.shuffle(ParkingSlot.java:119)
	at com.park.ParkingSlot.shuffle(ParkingSlot.java:119)
	at com.park.ParkingSlot.shuffle(ParkingSlot.java:119)
	at com.park.ParkingSlot.shuffle(ParkingSlot.java:119)
	at com.park.ParkingSlot.shuffle(ParkingSlot.java:119)
	at com.park.ParkingSlot.shuffle(ParkingSlot.java:119)
	at com.park.ParkingSlot.shuffle(ParkingSlot.java:119)
	at com.park.ParkingSlot.shuffle(ParkingSlot.java:119)
	at com.park.ParkingSlot.shuffle(ParkingSlot.java:119)
	at com.park.ParkingSlot.shuffle(ParkingSlot.java:119)
	at com.park.ParkingSlot.shuffle(ParkingSlot.java:119)
	at com.park.ParkingSlot.shuffle(ParkingSlot.java:119)
	at com.park.ParkingSlot.shuffle(ParkingSlot.java:119)
	at com.park.ParkingSlot.shuffle(ParkingSlot.java:119)
	at com.park.ParkingSlot.shuffle(ParkingSlot.java:119)
	at com.park.ParkingSlot.shuffle(ParkingSlot.java:119)
	at com.park.ParkingSlot.shuffle(ParkingSlot.java:119)
	at com.park.ParkingSlot.shuffle(ParkingSlot.java:119)
	at com.park.ParkingSlot.shuffle(ParkingSlot.java:119)
	at com.park.ParkingSlot.shuffle(ParkingSlot.java:119)
	at com.park.ParkingSlot.shuffle(ParkingSlot.java:119)
	at com.park.ParkingSlot.shuffle(ParkingSlot.java:119)
	at com.park.ParkingSlot.shuffle(ParkingSlot.java:119)
	at com.park.ParkingSlot.shuffle(ParkingSlot.java:119)
	at com.park.ParkingSlot.shuffle(ParkingSlot.java:119)
	at com.park.ParkingSlot.shuffle(ParkingSlot.java:119)
	at com.park.ParkingSlot.shuffle(ParkingSlot.java:119)
	at com.park.ParkingSlot.shuffle(ParkingSlot.java:119)
	at com.park.ParkingSlot.shuffle(ParkingSlot.java:119)
	at com.park.ParkingSlot.shuffle(ParkingSlot.java:119)
	at com.park.ParkingSlot.shuffle(ParkingSlot.java:119)
	at com.park.ParkingSlot.shuffle(ParkingSlot.java:119)
	at com.park.ParkingSlot.shuffle(ParkingSlot.java:119)
	at com.park.ParkingSlot.shuffle(ParkingSlot.java:119)
	at com.park.ParkingSlot.shuffle(ParkingSlot.java:119)
	at com.park.ParkingSlot.shuffle(ParkingSlot.java:119)
	at com.park.ParkingSlot.shuffle(ParkingSlot.java:119)
	at com.park.ParkingSlot.shuffle(ParkingSlot.java:119)
	at com.park.ParkingSlot.shuffle(ParkingSlot.java:119)
	at com.park.ParkingSlot.shuffle(ParkingSlot.java:119)
	at com.park.ParkingSlot.shuffle(ParkingSlot.java:119)
	at com.park.ParkingSlot.shuffle(ParkingSlot.java:119)
	at com.park.ParkingSlot.shuffle(ParkingSlot.java:119)
	at com.park.ParkingSlot.shuffle(ParkingSlot.java:119)
	at com.park.ParkingSlot.shuffle(ParkingSlot.java:119)
	at com.park.ParkingSlot.shuffle(ParkingSlot.java:119)
	at com.park.ParkingSlot.shuffle(ParkingSlot.java:119)
	at com.park.ParkingSlot.shuffle(ParkingSlot.java:119)
	at com.park.ParkingSlot.shuffle(ParkingSlot.java:119)
	at com.park.ParkingSlot.shuffle(ParkingSlot.java:119)
	at com.park.ParkingSlot.shuffle(ParkingSlot.java:119)
	at com.park.ParkingSlot.shuffle(ParkingSlot.java:119)
	at com.park.ParkingSlot.shuffle(ParkingSlot.java:119)
	at com.park.ParkingSlot.shuffle(ParkingSlot.java:119)
	at com.park.ParkingSlot.shuffle(ParkingSlot.java:119)
	at com.park.ParkingSlot.shuffle(ParkingSlot.java:119)
	at com.park.ParkingSlot.shuffle(ParkingSlot.java:119)
	at com.park.ParkingSlot.shuffle(ParkingSlot.java:119)
	at com.park.ParkingSlot.shuffle(ParkingSlot.java:119)
	at com.park.ParkingSlot.shuffle(ParkingSlot.java:119)
	at com.park.ParkingSlot.shuffle(ParkingSlot.java:119)
	at com.park.ParkingSlot.shuffle(ParkingSlot.java:119)
	at com.park.ParkingSlot.shuffle(ParkingSlot.java:119)
	at com.park.ParkingSlot.shuffle(ParkingSlot.java:119)
	at com.park.ParkingSlot.shuffle(ParkingSlot.java:119)
	at com.park.ParkingSlot.shuffle(ParkingSlot.java:119)
	at com.park.ParkingSlot.shuffle(ParkingSlot.java:119)
	at com.park.ParkingSlot.shuffle(ParkingSlot.java:119)
	at com.park.ParkingSlot.shuffle(ParkingSlot.java:119)
	at com.park.ParkingSlot.shuffle(ParkingSlot.java:119)
	at com.park.ParkingSlot.shuffle(ParkingSlot.java:119)
	at com.park.ParkingSlot.shuffle(ParkingSlot.java:119)
	at com.park.ParkingSlot.shuffle(ParkingSlot.java:119)
	at com.park.ParkingSlot.shuffle(ParkingSlot.java:119)
	at com.park.ParkingSlot.shuffle(ParkingSlot.java:119)
	at com.park.ParkingSlot.shuffle(ParkingSlot.java:119)
	at com.park.ParkingSlot.shuffle(ParkingSlot.java:119)
	at com.park.ParkingSlot.shuffle(ParkingSlot.java:119)
	at com.park.ParkingSlot.shuffle(ParkingSlot.java:119)
	at com.park.ParkingSlot.shuffle(ParkingSlot.java:119)
	at com.park.ParkingSlot.shuffle(ParkingSlot.java:119)
	at com.park.ParkingSlot.shuffle(ParkingSlot.java:119)
	at com.park.ParkingSlot.shuffle(ParkingSlot.java:119)
	at com.park.ParkingSlot.shuffle(ParkingSlot.java:119)
	at com.park.ParkingSlot.shuffle(ParkingSlot.java:119)
	at com.park.ParkingSlot.shuffle(ParkingSlot.java:119)
	at com.park.ParkingSlot.shuffle(ParkingSlot.java:119)
	at com.park.ParkingSlot.shuffle(ParkingSlot.java:119)
	at com.park.ParkingSlot.shuffle(ParkingSlot.java:119)
	at com.park.ParkingSlot.shuffle(ParkingSlot.java:119)
	at com.park.ParkingSlot.shuffle(ParkingSlot.java:119)
	at com.park.ParkingSlot.shuffle(ParkingSlot.java:119)
	at com.park.ParkingSlot.shuffle(ParkingSlot.java:119)
	at com.park.ParkingSlot.shuffle(ParkingSlot.java:119)
	at com.park.ParkingSlot.shuffle(ParkingSlot.java:119)
	at com.park.ParkingSlot.shuffle(ParkingSlot.java:119)
	at com.park.ParkingSlot.shuffle(ParkingSlot.java:119)
	at com.park.ParkingSlot.shuffle(ParkingSlot.java:119)
	at com.park.ParkingSlot.shuffle(ParkingSlot.java:119)
	at com.park.ParkingSlot.shuffle(ParkingSlot.java:119)
	at com.park.ParkingSlot.shuffle(ParkingSlot.java:119)
	at com.park.ParkingSlot.shuffle(ParkingSlot.java:119)
	at com.park.ParkingSlot.shuffle(ParkingSlot.java:119)
	at com.park.ParkingSlot.shuffle(ParkingSlot.java:119)
	at com.park.ParkingSlot.shuffle(ParkingSlot.java:119)
	at com.park.ParkingSlot.shuffle(ParkingSlot.java:119)
	at com.park.ParkingSlot.shuffle(ParkingSlot.java:119)
	at com.park.ParkingSlot.shuffle(ParkingSlot.java:119)
	at com.park.ParkingSlot.shuffle(ParkingSlot.java:119)
</failure>
  </testcase>
  <system-out><![CDATA[]]></system-out>
  <system-err><![CDATA[]]></system-err>
</testsuite>
