<?xml version="1.0" encoding="UTF-8"?>
<testsuite name="com.park.ParkingLotTest" tests="1" skipped="0" failures="0" errors="0" timestamp="2020-06-16T09:34:15" hostname="KYOOLBABA" time="0.012">
  <properties/>
  <testcase name="givenListOfParkingLots_whenParkedSameCarTwice_ShouldReturnTruePositiveTesting" classname="com.park.ParkingLotTest" time="0.012"/>
  <system-out><![CDATA[]]></system-out>
  <system-err><![CDATA[]]></system-err>
</testsuite>
