<?xml version="1.0" encoding="UTF-8"?>
<testsuite name="com.park.ParkingLotServiceTest" tests="1" skipped="0" failures="0" errors="0" timestamp="2020-06-10T10:27:24" hostname="KYOOLBABA" time="0.003">
  <properties/>
  <testcase name="givenVehicle_whenParkingLotFull_shouldRedirectStaff" classname="com.park.ParkingLotServiceTest" time="0.003"/>
  <system-out><![CDATA[]]></system-out>
  <system-err><![CDATA[]]></system-err>
</testsuite>
