<?xml version="1.0" encoding="UTF-8"?>
<testsuite name="com.park.ParkingLotServiceTest" tests="1" skipped="0" failures="0" errors="0" timestamp="2020-06-14T17:50:40" hostname="KYOOLBABA" time="0.026">
  <properties/>
  <testcase name="givenVehicleWithColor_whenQuried_shouldReturnListOfCarsMachtingColor" classname="com.park.ParkingLotServiceTest" time="0.026"/>
  <system-out><![CDATA[]]></system-out>
  <system-err><![CDATA[]]></system-err>
</testsuite>
