<?xml version="1.0" encoding="UTF-8"?>
<testsuite name="com.park.ParkingLotServiceTest" tests="1" skipped="0" failures="0" errors="0" timestamp="2020-06-15T11:06:36" hostname="KYOOLBABA" time="0.056">
  <properties/>
  <testcase name="givenVehicleWithName_whenQueried_shouldReturnVehiclesOfSlot2" classname="com.park.ParkingLotServiceTest" time="0.056"/>
  <system-out><![CDATA[]]></system-out>
  <system-err><![CDATA[]]></system-err>
</testsuite>
