<?xml version="1.0" encoding="UTF-8"?>
<testsuite name="com.park.ParkingLotServiceTest" tests="1" skipped="0" failures="0" errors="0" timestamp="2020-06-10T10:12:43" hostname="KYOOLBABA" time="0.004">
  <properties/>
  <testcase name="givenVehicle_whenParkingLotFull_shouldThrowException" classname="com.park.ParkingLotServiceTest" time="0.004"/>
  <system-out><![CDATA[]]></system-out>
  <system-err><![CDATA[]]></system-err>
</testsuite>
